# JRE version: 7.0_13-b20
# Java VM: Java HotSpot(TM) 64-Bit Server VM (23.7-b01 mixed mode bsd-amd64 compressed oops)
Heap
 def new generation   total 3264K, used 2816K [0x00000007f0600000, 0x00000007f0980000, 0x00000007f3e00000)
  eden space 2944K,  84% used [0x00000007f0600000, 0x00000007f0870268, 0x00000007f08e0000)
  from space 320K, 100% used [0x00000007f08e0000, 0x00000007f0930000, 0x00000007f0930000)
  to   space 320K,   0% used [0x00000007f0930000, 0x00000007f0930000, 0x00000007f0980000)
 tenured generation   total 7168K, used 1929K [0x00000007f3e00000, 0x00000007f4500000, 0x00000007fae00000)
   the space 7168K,  26% used [0x00000007f3e00000, 0x00000007f3fe2518, 0x00000007f3fe2600, 0x00000007f4500000)
 compacting perm gen  total 21248K, used 7523K [0x00000007fae00000, 0x00000007fc2c0000, 0x0000000800000000)
   the space 21248K,  35% used [0x00000007fae00000, 0x00000007fb558f80, 0x00000007fb559000, 0x00000007fc2c0000)
GC Heap History (8 events):
Event: 0.222 GC heap before
{Heap before GC invocations=0 (full 0):
 def new generation   total 3264K, used 2944K [0x00000007f0600000, 0x00000007f0980000, 0x00000007f3e00000)
  eden space 2944K, 100% used [0x00000007f0600000, 0x00000007f08e0000, 0x00000007f08e0000)
  from space 320K,   0% used [0x00000007f08e0000, 0x00000007f08e0000, 0x00000007f0930000)
  to   space 320K,   0% used [0x00000007f0930000, 0x00000007f0930000, 0x00000007f0980000)
 tenured generation   total 7168K, used 0K [0x00000007f3e00000, 0x00000007f4500000, 0x00000007fae00000)
   the space 7168K,   0% used [0x00000007f3e00000, 0x00000007f3e00000, 0x00000007f3e00200, 0x00000007f4500000)
 compacting perm gen  total 21248K, used 3474K [0x00000007fae00000, 0x00000007fc2c0000, 0x0000000800000000)
   the space 21248K,  16% used [0x00000007fae00000, 0x00000007fb164bd8, 0x00000007fb164c00, 0x00000007fc2c0000)
No shared spaces configured.
Event: 0.226 GC heap after
Heap after GC invocations=1 (full 0):
 def new generation   total 3264K, used 320K [0x00000007f0600000, 0x00000007f0980000, 0x00000007f3e00000)
  eden space 2944K,   0% used [0x00000007f0600000, 0x00000007f0600000, 0x00000007f08e0000)
  from space 320K, 100% used [0x00000007f0930000, 0x00000007f0980000, 0x00000007f0980000)
  to   space 320K,   0% used [0x00000007f08e0000, 0x00000007f08e0000, 0x00000007f0930000)
 tenured generation   total 7168K, used 408K [0x00000007f3e00000, 0x00000007f4500000, 0x00000007fae00000)
   the space 7168K,   5% used [0x00000007f3e00000, 0x00000007f3e66288, 0x00000007f3e66400, 0x00000007f4500000)
 compacting perm gen  total 21248K, used 3474K [0x00000007fae00000, 0x00000007fc2c0000, 0x0000000800000000)
   the space 21248K,  16% used [0x00000007fae00000, 0x00000007fb164bd8, 0x00000007fb164c00, 0x00000007fc2c0000)
No shared spaces configured.
}
Event: 0.532 GC heap before
{Heap before GC invocations=1 (full 0):
 def new generation   total 3264K, used 3264K [0x00000007f0600000, 0x00000007f0980000, 0x00000007f3e00000)
  eden space 2944K, 100% used [0x00000007f0600000, 0x00000007f08e0000, 0x00000007f08e0000)
  from space 320K, 100% used [0x00000007f0930000, 0x00000007f0980000, 0x00000007f0980000)
  to   space 320K,   0% used [0x00000007f08e0000, 0x00000007f08e0000, 0x00000007f0930000)
 tenured generation   total 7168K, used 408K [0x00000007f3e00000, 0x00000007f4500000, 0x00000007fae00000)
   the space 7168K,   5% used [0x00000007f3e00000, 0x00000007f3e66288, 0x00000007f3e66400, 0x00000007f4500000)
 compacting perm gen  total 21248K, used 5121K [0x00000007fae00000, 0x00000007fc2c0000, 0x0000000800000000)
   the space 21248K,  24% used [0x00000007fae00000, 0x00000007fb3006d0, 0x00000007fb300800, 0x00000007fc2c0000)
No shared spaces configured.
Event: 0.538 GC heap after
Heap after GC invocations=2 (full 0):
 def new generation   total 3264K, used 319K [0x00000007f0600000, 0x00000007f0980000, 0x00000007f3e00000)
  eden space 2944K,   0% used [0x00000007f0600000, 0x00000007f0600000, 0x00000007f08e0000)
  from space 320K,  99% used [0x00000007f08e0000, 0x00000007f092fff8, 0x00000007f0930000)
  to   space 320K,   0% used [0x00000007f0930000, 0x00000007f0930000, 0x00000007f0980000)
 tenured generation   total 7168K, used 939K [0x00000007f3e00000, 0x00000007f4500000, 0x00000007fae00000)
   the space 7168K,  13% used [0x00000007f3e00000, 0x00000007f3eeafb8, 0x00000007f3eeb000, 0x00000007f4500000)
 compacting perm gen  total 21248K, used 5121K [0x00000007fae00000, 0x00000007fc2c0000, 0x0000000800000000)
   the space 21248K,  24% used [0x00000007fae00000, 0x00000007fb3006d0, 0x00000007fb300800, 0x00000007fc2c0000)
No shared spaces configured.
}
Event: 0.871 GC heap before
{Heap before GC invocations=2 (full 0):
 def new generation   total 3264K, used 3263K [0x00000007f0600000, 0x00000007f0980000, 0x00000007f3e00000)
  eden space 2944K, 100% used [0x00000007f0600000, 0x00000007f08e0000, 0x00000007f08e0000)
  from space 320K,  99% used [0x00000007f08e0000, 0x00000007f092fff8, 0x00000007f0930000)
  to   space 320K,   0% used [0x00000007f0930000, 0x00000007f0930000, 0x00000007f0980000)
 tenured generation   total 7168K, used 939K [0x00000007f3e00000, 0x00000007f4500000, 0x00000007fae00000)
   the space 7168K,  13% used [0x00000007f3e00000, 0x00000007f3eeafb8, 0x00000007f3eeb000, 0x00000007f4500000)
 compacting perm gen  total 21248K, used 6179K [0x00000007fae00000, 0x00000007fc2c0000, 0x0000000800000000)
   the space 21248K,  29% used [0x00000007fae00000, 0x00000007fb408ea0, 0x00000007fb409000, 0x00000007fc2c0000)
No shared spaces configured.
Event: 0.876 GC heap after
Heap after GC invocations=3 (full 0):
 def new generation   total 3264K, used 320K [0x00000007f0600000, 0x00000007f0980000, 0x00000007f3e00000)
  eden space 2944K,   0% used [0x00000007f0600000, 0x00000007f0600000, 0x00000007f08e0000)
  from space 320K, 100% used [0x00000007f0930000, 0x00000007f0980000, 0x00000007f0980000)
  to   space 320K,   0% used [0x00000007f08e0000, 0x00000007f08e0000, 0x00000007f0930000)
 tenured generation   total 7168K, used 1370K [0x00000007f3e00000, 0x00000007f4500000, 0x00000007fae00000)
   the space 7168K,  19% used [0x00000007f3e00000, 0x00000007f3f56ab0, 0x00000007f3f56c00, 0x00000007f4500000)
 compacting perm gen  total 21248K, used 6179K [0x00000007fae00000, 0x00000007fc2c0000, 0x0000000800000000)
   the space 21248K,  29% used [0x00000007fae00000, 0x00000007fb408ea0, 0x00000007fb409000, 0x00000007fc2c0000)
No shared spaces configured.
}
Event: 0.961 GC heap before
{Heap before GC invocations=3 (full 0):
 def new generation   total 3264K, used 3264K [0x00000007f0600000, 0x00000007f0980000, 0x00000007f3e00000)
  eden space 2944K, 100% used [0x00000007f0600000, 0x00000007f08e0000, 0x00000007f08e0000)
  from space 320K, 100% used [0x00000007f0930000, 0x00000007f0980000, 0x00000007f0980000)
  to   space 320K,   0% used [0x00000007f08e0000, 0x00000007f08e0000, 0x00000007f0930000)
 tenured generation   total 7168K, used 1370K [0x00000007f3e00000, 0x00000007f4500000, 0x00000007fae00000)
   the space 7168K,  19% used [0x00000007f3e00000, 0x00000007f3f56ab0, 0x00000007f3f56c00, 0x00000007f4500000)
 compacting perm gen  total 21248K, used 7068K [0x00000007fae00000, 0x00000007fc2c0000, 0x0000000800000000)
   the space 21248K,  33% used [0x00000007fae00000, 0x00000007fb4e7078, 0x00000007fb4e7200, 0x00000007fc2c0000)
No shared spaces configured.
Event: 0.966 GC heap after
Heap after GC invocations=4 (full 0):
 def new generation   total 3264K, used 320K [0x00000007f0600000, 0x00000007f0980000, 0x00000007f3e00000)
  eden space 2944K,   0% used [0x00000007f0600000, 0x00000007f0600000, 0x00000007f08e0000)
  from space 320K, 100% used [0x00000007f08e0000, 0x00000007f0930000, 0x00000007f0930000)
  to   space 320K,   0% used [0x00000007f0930000, 0x00000007f0930000, 0x00000007f0980000)
 tenured generation   total 7168K, used 1929K [0x00000007f3e00000, 0x00000007f4500000, 0x00000007fae00000)
   the space 7168K,  26% used [0x00000007f3e00000, 0x00000007f3fe2518, 0x00000007f3fe2600, 0x00000007f4500000)
 compacting perm gen  total 21248K, used 7068K [0x00000007fae00000, 0x00000007fc2c0000, 0x0000000800000000)
   the space 21248K,  33% used [0x00000007fae00000, 0x00000007fb4e7078, 0x00000007fb4e7200, 0x00000007fc2c0000)
No shared spaces configured.
}

